ld a1
AssignOp =
Scientific -10e-2
Invalid &
Relop <=
Overflow 33333
Div_4* 44
Hex 0x444 
Overflow 877777787
Overflow 44444
Relop >
Relop <=
Invalid |
Invalid !
Invalid @
Invalid #
Invalid $
Invalid %
Invalid ^
Invalid &
ld ABCD453
ld ASCGJ
ld ABCD0
ld xABCD
Hex 0xABC7
ld a1
AssignOp =
Scientific -10e-2
Invalid &
Relop <=
Overflow 33333
Div_4* 44
Hex 0x444 
Overflow 87777
Div_4* 44
Hex 0x444 
Overflow 877777787
Overflow 44444
Relop >
Relop <=
Invalid |
Invalid !
Invalid @
Invalid #
Invalid $
Invalid %
Invalid ^
Invalid &
ld ABCD
